8 [3984689280] INFO perfrun.launcher <> - Launcher main begin
10 [3984689280] INFO perfrun.launcher <> - MessageCatalogInit finished
10 [3984689280] INFO perfrun.launcher <> - Launcher instance created
10 [3984689280] INFO perfrun.launcher <> - argc = 6; cmdline = /opt/intel/oneapi/vtune/2025.0/bin32/amplxe-runss -dump-vdso -r /tmp/amplxe-tmp-taseng/amplxe-res-3050614-30820172255811 --tmp-dir /tmp/amplxe-tmp-taseng 
19 [3984689280] INFO perfrun.launcher <> - create msngr2::ICliToolContext
19 [3984689280] INFO perfrun.launcher <> - create file finder object
22 [3984153408] INFO perfrun.launcher <> - plugin [remoteplug] was disabled because it doesn't support the given collection type.
22 [3984153408] INFO perfrun.launcher <> - plugin [] was disabled because it doesn't support the given collection type.
22 [3984153408] INFO perfrun.vdso <> - dumping [vdso] pseudomodule
22 [3984153408] INFO perfrun.launcher <> - plugin [] was disabled because it doesn't support the given collection type.
22 [3984153408] INFO perfrun.launcher <> - plugin [] was disabled because it doesn't support the given collection type.
22 [3984153408] INFO perfrun.launcher <> - plugin [] was disabled because it doesn't support the given collection type.
22 [3984153408] INFO perfrun.launcher <> - plugin [] was disabled because it doesn't support the given collection type.
22 [3984153408] INFO perfrun.launcher <> - plugin [] was disabled because it doesn't support the given collection type.
22 [3984153408] INFO perfrun.launcher <> - plugin [] was disabled because it doesn't support the given collection type.
22 [3984153408] INFO perfrun.launcher <> - plugin [] was disabled because it doesn't support the given collection type.
22 [3984153408] INFO perfrun.launcher <> - plugin [] was disabled because it doesn't support the given collection type.
22 [3984153408] INFO perfrun.launcher <> - plugin [] was disabled because it doesn't support the given collection type.
22 [3984153408] INFO perfrun.launcher <> - plugin [] was disabled because it doesn't support the given collection type.
22 [3984153408] INFO perfrun.launcher <> - plugin [] was disabled because it doesn't support the given collection type.
22 [3984153408] INFO perfrun.launcher <> - plugin [] was disabled because it doesn't support the given collection type.
22 [3984153408] INFO perfrun.launcher <> - plugin [] was disabled because it doesn't support the given collection type.
22 [3984153408] INFO perfrun.launcher <> - plugin [] was disabled because it doesn't support the given collection type.
22 [3984153408] INFO perfrun.launcher <> - plugin [] was disabled because it doesn't support the given collection type.
22 [3984153408] INFO perfrun.launcher <> - plugin [] was disabled because it doesn't support the given collection type.
22 [3984153408] INFO perfrun.launcher <> - plugin [] was disabled because it doesn't support the given collection type.
22 [3984153408] INFO perfrun.launcher <> - plugin [] was disabled because it doesn't support the given collection type.
22 [3984153408] INFO perfrun.launcher <> - plugin [] was disabled because it doesn't support the given collection type.
22 [3984153408] INFO perfrun.launcher <> - plugin [] was disabled because it doesn't support the given collection type.
22 [3984153408] INFO perfrun.launcher <> - plugin [] was disabled because it doesn't support the given collection type.
22 [3984153408] INFO perfrun.launcher <> - plugin [] was disabled because it doesn't support the given collection type.
22 [3984153408] INFO perfrun.launcher <> - plugin [] was disabled because it doesn't support the given collection type.
22 [3984153408] INFO perfrun.launcher <> - plugin [] was disabled because it doesn't support the given collection type.
22 [3984689280] INFO perfrun.launcher <> - Application exit code: 0
22 [3984689280] INFO perfrun.launcher <> - Exit code: 0
